{
  "RSpec": {
    "coverage": {
      "/Users/AnnFlismark/Craft_Academy/nice_news/app/helpers/application_helper.rb": [
        1,
        null
      ],
      "/Users/AnnFlismark/Craft_Academy/nice_news/app/models/article.rb": [
        1,
        1,
        null
      ],
      "/Users/AnnFlismark/Craft_Academy/nice_news/app/models/application_record.rb": [
        1,
        1,
        null
      ],
      "/Users/AnnFlismark/Craft_Academy/nice_news/app/controllers/application_controller.rb": [
        1,
        null
      ],
      "/Users/AnnFlismark/Craft_Academy/nice_news/app/controllers/articles_controller.rb": [
        1,
        1,
        2,
        null,
        null
      ],
      "/Users/AnnFlismark/Craft_Academy/nice_news/app/mailers/application_mailer.rb": [
        0,
        0,
        0,
        0
      ],
      "/Users/AnnFlismark/Craft_Academy/nice_news/app/jobs/application_job.rb": [
        0,
        null,
        null,
        null,
        null,
        null,
        0
      ],
      "/Users/AnnFlismark/Craft_Academy/nice_news/app/channels/application_cable/connection.rb": [
        0,
        0,
        0,
        0
      ],
      "/Users/AnnFlismark/Craft_Academy/nice_news/app/channels/application_cable/channel.rb": [
        0,
        0,
        0,
        0
      ]
    },
    "timestamp": 1605385745
  }
}
